# JRE version: Java(TM) SE Runtime Environment 18.9 (11.0.12+8) (build 11.0.12+8-LTS-237)
# Java VM: Java HotSpot(TM) 64-Bit Server VM 18.9 (11.0.12+8-LTS-237, mixed mode, tiered, compressed oops, g1 gc, windows-amd64)
Heap:
 garbage-first heap   total 63488K, used 39302K [0x00000000c2000000, 0x0000000100000000)
  region size 1024K, 7 young (7168K), 0 survivors (0K)
 Metaspace       used 81008K, capacity 83279K, committed 83532K, reserved 1122304K
  class space    used 10388K, capacity 11305K, committed 11392K, reserved 1048576K
GC Heap History (10 events):
Event: 200.887 GC heap before
{Heap before GC invocations=41 (full 0):
 garbage-first heap   total 63488K, used 51970K [0x00000000c2000000, 0x0000000100000000)
  region size 1024K, 18 young (18432K), 3 survivors (3072K)
 Metaspace       used 75925K, capacity 78122K, committed 78284K, reserved 1116160K
  class space    used 9771K, capacity 10663K, committed 10752K, reserved 1048576K
}
Event: 201.043 GC heap after
{Heap after GC invocations=42 (full 0):
 garbage-first heap   total 63488K, used 38462K [0x00000000c2000000, 0x0000000100000000)
  region size 1024K, 3 young (3072K), 3 survivors (3072K)
 Metaspace       used 75925K, capacity 78122K, committed 78284K, reserved 1116160K
  class space    used 9771K, capacity 10663K, committed 10752K, reserved 1048576K
}
Event: 205.485 GC heap before
{Heap before GC invocations=43 (full 0):
 garbage-first heap   total 63488K, used 52798K [0x00000000c2000000, 0x0000000100000000)
  region size 1024K, 17 young (17408K), 3 survivors (3072K)
 Metaspace       used 77471K, capacity 79654K, committed 79692K, reserved 1118208K
  class space    used 9987K, capacity 10869K, committed 10880K, reserved 1048576K
}
Event: 205.517 GC heap after
{Heap after GC invocations=44 (full 0):
 garbage-first heap   total 63488K, used 39781K [0x00000000c2000000, 0x0000000100000000)
  region size 1024K, 2 young (2048K), 2 survivors (2048K)
 Metaspace       used 77471K, capacity 79654K, committed 79692K, reserved 1118208K
  class space    used 9987K, capacity 10869K, committed 10880K, reserved 1048576K
}
Event: 207.816 GC heap before
{Heap before GC invocations=44 (full 0):
 garbage-first heap   total 63488K, used 51045K [0x00000000c2000000, 0x0000000100000000)
  region size 1024K, 14 young (14336K), 2 survivors (2048K)
 Metaspace       used 79547K, capacity 81854K, committed 82124K, reserved 1120256K
  class space    used 10249K, capacity 11173K, committed 11264K, reserved 1048576K
}
Event: 207.829 GC heap after
{Heap after GC invocations=45 (full 0):
 garbage-first heap   total 63488K, used 40509K [0x00000000c2000000, 0x0000000100000000)
  region size 1024K, 1 young (1024K), 1 survivors (1024K)
 Metaspace       used 79547K, capacity 81854K, committed 82124K, reserved 1120256K
  class space    used 10249K, capacity 11173K, committed 11264K, reserved 1048576K
}
Event: 592.290 GC heap before
{Heap before GC invocations=46 (full 0):
 garbage-first heap   total 63488K, used 52797K [0x00000000c2000000, 0x0000000100000000)
  region size 1024K, 13 young (13312K), 1 survivors (1024K)
 Metaspace       used 80670K, capacity 82999K, committed 83276K, reserved 1122304K
  class space    used 10358K, capacity 11277K, committed 11392K, reserved 1048576K
}
Event: 592.426 GC heap after
{Heap after GC invocations=47 (full 0):
 garbage-first heap   total 63488K, used 40827K [0x00000000c2000000, 0x0000000100000000)
  region size 1024K, 2 young (2048K), 2 survivors (2048K)
 Metaspace       used 80670K, capacity 82999K, committed 83276K, reserved 1122304K
  class space    used 10358K, capacity 11277K, committed 11392K, reserved 1048576K
}
Event: 848.046 GC heap before
{Heap before GC invocations=47 (full 0):
 garbage-first heap   total 63488K, used 47995K [0x00000000c2000000, 0x0000000100000000)
  region size 1024K, 10 young (10240K), 2 survivors (2048K)
 Metaspace       used 80958K, capacity 83263K, committed 83532K, reserved 1122304K
  class space    used 10385K, capacity 11300K, committed 11392K, reserved 1048576K
}
Event: 849.977 GC heap after
{Heap after GC invocations=48 (full 1):
 garbage-first heap   total 63488K, used 33158K [0x00000000c2000000, 0x0000000100000000)
  region size 1024K, 0 young (0K), 0 survivors (0K)
 Metaspace       used 80958K, capacity 83263K, committed 83532K, reserved 1122304K
  class space    used 10385K, capacity 11300K, committed 11392K, reserved 1048576K
}

